[kbplacer_plugin_action.py:65]: Plugin version: 0.12
[kbplacer_plugin_action.py:66]: Python version: '3.12.7 (main, Oct  1 2024, 00:00:00) [GCC 14.2.1 20240912 (Red Hat 14.2.1-3)]'
[kbplacer_plugin_action.py:67]: KiCad version: 8.0.6 with 4.2.1 gtk3 (phoenix) wxWidgets 3.2.4
[kbplacer_dialog.py:585]: Language: en
[kbplacer_plugin_action.py:75]: GUI state: {"layout_path": "/home/astra/Downloads/keyboard-layout.json", "key_distance": [19.05, 19.05], "key_info": {"annotation_format": "MX{}", "position_option": "Default", "position": {"x": 0.0, "y": 0.0, "orientation": 0.0, "side": "Back"}, "template_path": ""}, "enable_diode_placement": true, "route_switches_with_diodes": false, "optimize_diodes_orientation": false, "diode_info": {"annotation_format": "D{}", "position_option": "Default", "position": {"x": 5.08, "y": 3.03, "orientation": 90.0, "side": "Back"}, "template_path": ""}, "additional_elements": [{"annotation_format": "XMTM{}", "position_option": "Custom", "position": {"x": 0.0, "y": 0.0, "orientation": 0.0, "side": "Back"}, "template_path": ""}], "route_rows_and_columns": false, "template_path": "", "generate_outline": false, "outline_delta": 0.0}
[key_placer.py:361]: Set key 1U distance: 19050000/19050000
[key_placer.py:123]: Switches by nets: defaultdict(<class 'list'>, {frozenset({'row4', 'col5'}): ['MX30'], frozenset({'row4', 'col4'}): ['MX29'], frozenset({'row4', 'col3'}): ['MX28'], frozenset({'row4', 'col2'}): ['MX27'], frozenset({'row4', 'col1'}): ['MX26'], frozenset({'row4', 'col0'}): ['MX25'], frozenset({'row3', 'col5'}): ['MX24'], frozenset({'col4', 'row3'}): ['MX23'], frozenset({'col3', 'row3'}): ['MX22'], frozenset({'row3', 'col2'}): ['MX21'], frozenset({'row3', 'col1'}): ['MX20'], frozenset({'row3', 'col0'}): ['MX19'], frozenset({'col5', 'row2'}): ['MX18'], frozenset({'col4', 'row2'}): ['MX17'], frozenset({'col3', 'row2'}): ['MX16'], frozenset({'col2', 'row2'}): ['MX15'], frozenset({'col1', 'row2'}): ['MX14'], frozenset({'col0', 'row2'}): ['MX13'], frozenset({'row1', 'col5'}): ['MX12'], frozenset({'col4', 'row1'}): ['MX11'], frozenset({'col3', 'row1'}): ['MX10'], frozenset({'row1', 'col2'}): ['MX9'], frozenset({'row1', 'col1'}): ['MX8'], frozenset({'row1', 'col0'}): ['MX7'], frozenset({'col5', 'row0'}): ['MX6'], frozenset({'col4', 'row0'}): ['MX5'], frozenset({'col3', 'row0'}): ['MX4'], frozenset({'col2', 'row0'}): ['MX3'], frozenset({'col1', 'row0'}): ['MX2'], frozenset({'col0', 'row0'}): ['MX1']})
[key_placer.py:127]: Diodes by switch: {'MX30': ['D30'], 'MX29': ['D29'], 'MX28': ['D28'], 'MX27': ['D27'], 'MX26': ['D26'], 'MX25': ['D25'], 'MX24': ['D24'], 'MX23': ['D23'], 'MX22': ['D22'], 'MX21': ['D21'], 'MX20': ['D20'], 'MX19': ['D19'], 'MX18': ['D18'], 'MX17': ['D17'], 'MX16': ['D16'], 'MX15': ['D15'], 'MX14': ['D14'], 'MX13': ['D13'], 'MX12': ['D12'], 'MX11': ['D11'], 'MX10': ['D10'], 'MX9': ['D9'], 'MX8': ['D8'], 'MX7': ['D7'], 'MX6': ['D6'], 'MX5': ['D5'], 'MX4': ['D4'], 'MX3': ['D3'], 'MX2': ['D2'], 'MX1': ['D1']}
[kle_serial.py:897]: User layout: [[{'a': 7}, '', '', '', '', '', ''], ['', '', '', '', '', ''], ['', '', '', '', '', ''], ['', '', '', '', '', ''], [{'w': 2}, ''], [{'w': 2}, '', ''], ['', '', '']]
[key_placer.py:661]: Layout offset: (28575000, 28575000)
[board_modifier.py:85]: Setting MX1 footprint position: (38100000, 38100000)
[board_modifier.py:85]: Setting MX2 footprint position: (57150000, 38100000)
[board_modifier.py:85]: Setting MX3 footprint position: (76200000, 38100000)
[board_modifier.py:85]: Setting MX4 footprint position: (95250000, 38100000)
[board_modifier.py:85]: Setting MX5 footprint position: (114300000, 38100000)
[board_modifier.py:85]: Setting MX6 footprint position: (133350000, 38100000)
[board_modifier.py:85]: Setting MX7 footprint position: (38100000, 57150000)
[board_modifier.py:85]: Setting MX8 footprint position: (57150000, 57150000)
[board_modifier.py:85]: Setting MX9 footprint position: (76200000, 57150000)
[board_modifier.py:85]: Setting MX10 footprint position: (95250000, 57150000)
[board_modifier.py:85]: Setting MX11 footprint position: (114300000, 57150000)
[board_modifier.py:85]: Setting MX12 footprint position: (133350000, 57150000)
[board_modifier.py:85]: Setting MX13 footprint position: (38100000, 76200000)
[board_modifier.py:85]: Setting MX14 footprint position: (57150000, 76200000)
[board_modifier.py:85]: Setting MX15 footprint position: (76200000, 76200000)
[board_modifier.py:85]: Setting MX16 footprint position: (95250000, 76200000)
[board_modifier.py:85]: Setting MX17 footprint position: (114300000, 76200000)
[board_modifier.py:85]: Setting MX18 footprint position: (133350000, 76200000)
[board_modifier.py:85]: Setting MX19 footprint position: (38100000, 95250000)
[board_modifier.py:85]: Setting MX20 footprint position: (57150000, 95250000)
[board_modifier.py:85]: Setting MX21 footprint position: (76200000, 95250000)
[board_modifier.py:85]: Setting MX22 footprint position: (95250000, 95250000)
[board_modifier.py:85]: Setting MX23 footprint position: (114300000, 95250000)
[board_modifier.py:85]: Setting MX24 footprint position: (133350000, 95250000)
[board_modifier.py:85]: Setting MX25 footprint position: (47625000, 114300000)
[board_modifier.py:85]: Setting MX26 footprint position: (47625000, 133350000)
[board_modifier.py:85]: Setting MX27 footprint position: (76200000, 133350000)
[board_modifier.py:85]: Setting MX28 footprint position: (38100000, 152400000)
[board_modifier.py:85]: Setting MX29 footprint position: (57150000, 152400000)
[board_modifier.py:85]: Setting MX30 footprint position: (76200000, 152400000)
[key_placer.py:996]: Diode info: [ElementInfo(annotation_format='D{}', position_option=<PositionOption.DEFAULT: 'Default'>, position=ElementPosition(x=5.08, y=3.03, orientation=90.0, side=<Side.BACK: 'Back'>), template_path='')]
[board_modifier.py:98]: Getting MX1 footprint position: (38100000, 38100000)
[board_modifier.py:85]: Setting D1 footprint position: (43180000, 41130000)
[board_modifier.py:98]: Getting MX2 footprint position: (57150000, 38100000)
[board_modifier.py:85]: Setting D2 footprint position: (62230000, 41130000)
[board_modifier.py:98]: Getting MX3 footprint position: (76200000, 38100000)
[board_modifier.py:85]: Setting D3 footprint position: (81280000, 41130000)
[board_modifier.py:98]: Getting MX4 footprint position: (95250000, 38100000)
[board_modifier.py:85]: Setting D4 footprint position: (100330000, 41130000)
[board_modifier.py:98]: Getting MX5 footprint position: (114300000, 38100000)
[board_modifier.py:85]: Setting D5 footprint position: (119380000, 41130000)
[board_modifier.py:98]: Getting MX6 footprint position: (133350000, 38100000)
[board_modifier.py:85]: Setting D6 footprint position: (138430000, 41130000)
[board_modifier.py:98]: Getting MX7 footprint position: (38100000, 57150000)
[board_modifier.py:85]: Setting D7 footprint position: (43180000, 60180000)
[board_modifier.py:98]: Getting MX8 footprint position: (57150000, 57150000)
[board_modifier.py:85]: Setting D8 footprint position: (62230000, 60180000)
[board_modifier.py:98]: Getting MX9 footprint position: (76200000, 57150000)
[board_modifier.py:85]: Setting D9 footprint position: (81280000, 60180000)
[board_modifier.py:98]: Getting MX10 footprint position: (95250000, 57150000)
[board_modifier.py:85]: Setting D10 footprint position: (100330000, 60180000)
[board_modifier.py:98]: Getting MX11 footprint position: (114300000, 57150000)
[board_modifier.py:85]: Setting D11 footprint position: (119380000, 60180000)
[board_modifier.py:98]: Getting MX12 footprint position: (133350000, 57150000)
[board_modifier.py:85]: Setting D12 footprint position: (138430000, 60180000)
[board_modifier.py:98]: Getting MX13 footprint position: (38100000, 76200000)
[board_modifier.py:85]: Setting D13 footprint position: (43180000, 79230000)
[board_modifier.py:98]: Getting MX14 footprint position: (57150000, 76200000)
[board_modifier.py:85]: Setting D14 footprint position: (62230000, 79230000)
[board_modifier.py:98]: Getting MX15 footprint position: (76200000, 76200000)
[board_modifier.py:85]: Setting D15 footprint position: (81280000, 79230000)
[board_modifier.py:98]: Getting MX16 footprint position: (95250000, 76200000)
[board_modifier.py:85]: Setting D16 footprint position: (100330000, 79230000)
[board_modifier.py:98]: Getting MX17 footprint position: (114300000, 76200000)
[board_modifier.py:85]: Setting D17 footprint position: (119380000, 79230000)
[board_modifier.py:98]: Getting MX18 footprint position: (133350000, 76200000)
[board_modifier.py:85]: Setting D18 footprint position: (138430000, 79230000)
[board_modifier.py:98]: Getting MX19 footprint position: (38100000, 95250000)
[board_modifier.py:85]: Setting D19 footprint position: (43180000, 98280000)
[board_modifier.py:98]: Getting MX20 footprint position: (57150000, 95250000)
[board_modifier.py:85]: Setting D20 footprint position: (62230000, 98280000)
[board_modifier.py:98]: Getting MX21 footprint position: (76200000, 95250000)
[board_modifier.py:85]: Setting D21 footprint position: (81280000, 98280000)
[board_modifier.py:98]: Getting MX22 footprint position: (95250000, 95250000)
[board_modifier.py:85]: Setting D22 footprint position: (100330000, 98280000)
[board_modifier.py:98]: Getting MX23 footprint position: (114300000, 95250000)
[board_modifier.py:85]: Setting D23 footprint position: (119380000, 98280000)
[board_modifier.py:98]: Getting MX24 footprint position: (133350000, 95250000)
[board_modifier.py:85]: Setting D24 footprint position: (138430000, 98280000)
[board_modifier.py:98]: Getting MX25 footprint position: (47625000, 114300000)
[board_modifier.py:85]: Setting D25 footprint position: (52705000, 117330000)
[board_modifier.py:98]: Getting MX26 footprint position: (47625000, 133350000)
[board_modifier.py:85]: Setting D26 footprint position: (52705000, 136380000)
[board_modifier.py:98]: Getting MX27 footprint position: (76200000, 133350000)
[board_modifier.py:85]: Setting D27 footprint position: (81280000, 136380000)
[board_modifier.py:98]: Getting MX28 footprint position: (38100000, 152400000)
[board_modifier.py:85]: Setting D28 footprint position: (43180000, 155430000)
[board_modifier.py:98]: Getting MX29 footprint position: (57150000, 152400000)
[board_modifier.py:85]: Setting D29 footprint position: (62230000, 155430000)
[board_modifier.py:98]: Getting MX30 footprint position: (76200000, 152400000)
[board_modifier.py:85]: Setting D30 footprint position: (81280000, 155430000)
[key_placer.py:774]: Placing additional elements for MX30
[board_modifier.py:98]: Getting MX30 footprint position: (76200000, 152400000)
[board_modifier.py:75]: Searching for optional XMTM30 footprint in /home/astra/git/twopaws/twopaws.kicad_pcb
[board_modifier.py:80]: Footprint not found
[key_placer.py:774]: Placing additional elements for MX29
[board_modifier.py:98]: Getting MX29 footprint position: (57150000, 152400000)
[board_modifier.py:75]: Searching for optional XMTM29 footprint in /home/astra/git/twopaws/twopaws.kicad_pcb
[board_modifier.py:80]: Footprint not found
[key_placer.py:774]: Placing additional elements for MX28
[board_modifier.py:98]: Getting MX28 footprint position: (38100000, 152400000)
[board_modifier.py:75]: Searching for optional XMTM28 footprint in /home/astra/git/twopaws/twopaws.kicad_pcb
[board_modifier.py:80]: Footprint not found
[key_placer.py:774]: Placing additional elements for MX27
[board_modifier.py:98]: Getting MX27 footprint position: (76200000, 133350000)
[board_modifier.py:75]: Searching for optional XMTM27 footprint in /home/astra/git/twopaws/twopaws.kicad_pcb
[board_modifier.py:80]: Footprint not found
[key_placer.py:774]: Placing additional elements for MX26
[board_modifier.py:98]: Getting MX26 footprint position: (47625000, 133350000)
[board_modifier.py:75]: Searching for optional XMTM26 footprint in /home/astra/git/twopaws/twopaws.kicad_pcb
[board_modifier.py:80]: Footprint not found
[key_placer.py:774]: Placing additional elements for MX25
[board_modifier.py:98]: Getting MX25 footprint position: (47625000, 114300000)
[board_modifier.py:75]: Searching for optional XMTM25 footprint in /home/astra/git/twopaws/twopaws.kicad_pcb
[board_modifier.py:80]: Footprint not found
[key_placer.py:774]: Placing additional elements for MX24
[board_modifier.py:98]: Getting MX24 footprint position: (133350000, 95250000)
[board_modifier.py:75]: Searching for optional XMTM24 footprint in /home/astra/git/twopaws/twopaws.kicad_pcb
[board_modifier.py:80]: Footprint not found
[key_placer.py:774]: Placing additional elements for MX23
[board_modifier.py:98]: Getting MX23 footprint position: (114300000, 95250000)
[board_modifier.py:75]: Searching for optional XMTM23 footprint in /home/astra/git/twopaws/twopaws.kicad_pcb
[board_modifier.py:80]: Footprint not found
[key_placer.py:774]: Placing additional elements for MX22
[board_modifier.py:98]: Getting MX22 footprint position: (95250000, 95250000)
[board_modifier.py:75]: Searching for optional XMTM22 footprint in /home/astra/git/twopaws/twopaws.kicad_pcb
[board_modifier.py:80]: Footprint not found
[key_placer.py:774]: Placing additional elements for MX21
[board_modifier.py:98]: Getting MX21 footprint position: (76200000, 95250000)
[board_modifier.py:75]: Searching for optional XMTM21 footprint in /home/astra/git/twopaws/twopaws.kicad_pcb
[board_modifier.py:80]: Footprint not found
[key_placer.py:774]: Placing additional elements for MX20
[board_modifier.py:98]: Getting MX20 footprint position: (57150000, 95250000)
[board_modifier.py:75]: Searching for optional XMTM20 footprint in /home/astra/git/twopaws/twopaws.kicad_pcb
[board_modifier.py:80]: Footprint not found
[key_placer.py:774]: Placing additional elements for MX19
[board_modifier.py:98]: Getting MX19 footprint position: (38100000, 95250000)
[board_modifier.py:75]: Searching for optional XMTM19 footprint in /home/astra/git/twopaws/twopaws.kicad_pcb
[board_modifier.py:80]: Footprint not found
[key_placer.py:774]: Placing additional elements for MX18
[board_modifier.py:98]: Getting MX18 footprint position: (133350000, 76200000)
[board_modifier.py:75]: Searching for optional XMTM18 footprint in /home/astra/git/twopaws/twopaws.kicad_pcb
[board_modifier.py:80]: Footprint not found
[key_placer.py:774]: Placing additional elements for MX17
[board_modifier.py:98]: Getting MX17 footprint position: (114300000, 76200000)
[board_modifier.py:75]: Searching for optional XMTM17 footprint in /home/astra/git/twopaws/twopaws.kicad_pcb
[board_modifier.py:80]: Footprint not found
[key_placer.py:774]: Placing additional elements for MX16
[board_modifier.py:98]: Getting MX16 footprint position: (95250000, 76200000)
[board_modifier.py:75]: Searching for optional XMTM16 footprint in /home/astra/git/twopaws/twopaws.kicad_pcb
[board_modifier.py:80]: Footprint not found
[key_placer.py:774]: Placing additional elements for MX15
[board_modifier.py:98]: Getting MX15 footprint position: (76200000, 76200000)
[board_modifier.py:75]: Searching for optional XMTM15 footprint in /home/astra/git/twopaws/twopaws.kicad_pcb
[board_modifier.py:80]: Footprint not found
[key_placer.py:774]: Placing additional elements for MX14
[board_modifier.py:98]: Getting MX14 footprint position: (57150000, 76200000)
[board_modifier.py:75]: Searching for optional XMTM14 footprint in /home/astra/git/twopaws/twopaws.kicad_pcb
[board_modifier.py:80]: Footprint not found
[key_placer.py:774]: Placing additional elements for MX13
[board_modifier.py:98]: Getting MX13 footprint position: (38100000, 76200000)
[board_modifier.py:75]: Searching for optional XMTM13 footprint in /home/astra/git/twopaws/twopaws.kicad_pcb
[board_modifier.py:80]: Footprint not found
[key_placer.py:774]: Placing additional elements for MX12
[board_modifier.py:98]: Getting MX12 footprint position: (133350000, 57150000)
[board_modifier.py:75]: Searching for optional XMTM12 footprint in /home/astra/git/twopaws/twopaws.kicad_pcb
[board_modifier.py:80]: Footprint not found
[key_placer.py:774]: Placing additional elements for MX11
[board_modifier.py:98]: Getting MX11 footprint position: (114300000, 57150000)
[board_modifier.py:75]: Searching for optional XMTM11 footprint in /home/astra/git/twopaws/twopaws.kicad_pcb
[board_modifier.py:80]: Footprint not found
[key_placer.py:774]: Placing additional elements for MX10
[board_modifier.py:98]: Getting MX10 footprint position: (95250000, 57150000)
[board_modifier.py:75]: Searching for optional XMTM10 footprint in /home/astra/git/twopaws/twopaws.kicad_pcb
[board_modifier.py:80]: Footprint not found
[key_placer.py:774]: Placing additional elements for MX9
[board_modifier.py:98]: Getting MX9 footprint position: (76200000, 57150000)
[board_modifier.py:75]: Searching for optional XMTM9 footprint in /home/astra/git/twopaws/twopaws.kicad_pcb
[board_modifier.py:80]: Footprint not found
[key_placer.py:774]: Placing additional elements for MX8
[board_modifier.py:98]: Getting MX8 footprint position: (57150000, 57150000)
[board_modifier.py:75]: Searching for optional XMTM8 footprint in /home/astra/git/twopaws/twopaws.kicad_pcb
[board_modifier.py:80]: Footprint not found
[key_placer.py:774]: Placing additional elements for MX7
[board_modifier.py:98]: Getting MX7 footprint position: (38100000, 57150000)
[board_modifier.py:75]: Searching for optional XMTM7 footprint in /home/astra/git/twopaws/twopaws.kicad_pcb
[board_modifier.py:80]: Footprint not found
[key_placer.py:774]: Placing additional elements for MX6
[board_modifier.py:98]: Getting MX6 footprint position: (133350000, 38100000)
[board_modifier.py:75]: Searching for optional XMTM6 footprint in /home/astra/git/twopaws/twopaws.kicad_pcb
[board_modifier.py:80]: Footprint not found
[key_placer.py:774]: Placing additional elements for MX5
[board_modifier.py:98]: Getting MX5 footprint position: (114300000, 38100000)
[board_modifier.py:75]: Searching for optional XMTM5 footprint in /home/astra/git/twopaws/twopaws.kicad_pcb
[board_modifier.py:80]: Footprint not found
[key_placer.py:774]: Placing additional elements for MX4
[board_modifier.py:98]: Getting MX4 footprint position: (95250000, 38100000)
[board_modifier.py:75]: Searching for optional XMTM4 footprint in /home/astra/git/twopaws/twopaws.kicad_pcb
[board_modifier.py:80]: Footprint not found
[key_placer.py:774]: Placing additional elements for MX3
[board_modifier.py:98]: Getting MX3 footprint position: (76200000, 38100000)
[board_modifier.py:75]: Searching for optional XMTM3 footprint in /home/astra/git/twopaws/twopaws.kicad_pcb
[board_modifier.py:80]: Footprint not found
[key_placer.py:774]: Placing additional elements for MX2
[board_modifier.py:98]: Getting MX2 footprint position: (57150000, 38100000)
[board_modifier.py:75]: Searching for optional XMTM2 footprint in /home/astra/git/twopaws/twopaws.kicad_pcb
[board_modifier.py:80]: Footprint not found
[key_placer.py:774]: Placing additional elements for MX1
[board_modifier.py:98]: Getting MX1 footprint position: (38100000, 38100000)
[board_modifier.py:75]: Searching for optional XMTM1 footprint in /home/astra/git/twopaws/twopaws.kicad_pcb
[board_modifier.py:80]: Footprint not found
